2016-09-21 18:11:18,637 [1] INFO  PrivacyConsentDB.MvcApplication - ====START====
2016-09-21 18:11:25,975 [1] ERROR PrivacyConsentDB.Jobs.JobScheduler - System.Data.Entity.Migrations.Infrastructure.AutomaticDataLossException: 자동 마이그레이션은 데이터 손실을 일으킬 수 있으므로 적용되지 않았습니다. 데이터 손실이 발생해도 자동 마이그레이션 적용을 허용하려면 DbMigrationsConfiguration에서 AutomaticMigrationDataLossAllowed를 'true'로 설정하십시오. 또는 Update-Database를 '-Force' 옵션과 함께 사용하거나 명시적 마이그레이션을 스캐폴드하십시오.
   위치: System.Data.Entity.Migrations.DbMigrator.AutoMigrate(String migrationId, VersionedModel sourceModel, VersionedModel targetModel, Boolean downgrading)
   위치: System.Data.Entity.Migrations.DbMigrator.Upgrade(IEnumerable`1 pendingMigrations, String targetMigrationId, String lastMigrationId)
   위치: System.Data.Entity.Migrations.DbMigrator.UpdateInternal(String targetMigration)
   위치: System.Data.Entity.Migrations.DbMigrator.<>c__DisplayClassc.<Update>b__b()
   위치: System.Data.Entity.Migrations.DbMigrator.EnsureDatabaseExists(Action mustSucceedToKeepDatabase)
   위치: System.Data.Entity.Migrations.DbMigrator.Update(String targetMigration)
   위치: System.Data.Entity.MigrateDatabaseToLatestVersion`2.InitializeDatabase(TContext context)
   위치: System.Data.Entity.Internal.InternalContext.<>c__DisplayClassf`1.<CreateInitializationAction>b__e()
   위치: System.Data.Entity.Internal.InternalContext.PerformInitializationAction(Action action)
   위치: System.Data.Entity.Internal.InternalContext.PerformDatabaseInitialization()
   위치: System.Data.Entity.Internal.LazyInternalContext.<InitializeDatabase>b__4(InternalContext c)
   위치: System.Data.Entity.Internal.RetryAction`1.PerformAction(TInput input)
   위치: System.Data.Entity.Internal.LazyInternalContext.InitializeDatabaseAction(Action`1 action)
   위치: System.Data.Entity.Internal.LazyInternalContext.InitializeDatabase()
   위치: System.Data.Entity.Internal.InternalContext.GetEntitySetAndBaseTypeForType(Type entityType)
   위치: System.Data.Entity.Internal.Linq.InternalSet`1.Initialize()
   위치: System.Data.Entity.Internal.Linq.InternalSet`1.get_InternalContext()
   위치: System.Data.Entity.Infrastructure.DbQuery`1.System.Linq.IQueryable.get_Provider()
   위치: System.Linq.Queryable.Where[TSource](IQueryable`1 source, Expression`1 predicate)
   위치: PrivacyConsentDB.Jobs.JobScheduler.Load() 파일 C:\Data\PCMS\PrivacyConsentDB\PrivacyConsentDB\Jobs\JobScheduler.cs:줄 24
2016-09-21 18:11:25,988 [1] DEBUG PrivacyConsentDB.Jobs.JobScheduler - Schedule Loaded
2016-09-21 18:13:25,938 [1] INFO  PrivacyConsentDB.MvcApplication - ====START====
2016-09-21 18:13:30,500 [1] ERROR PrivacyConsentDB.Jobs.JobScheduler - System.Data.Entity.Migrations.Infrastructure.AutomaticDataLossException: 자동 마이그레이션은 데이터 손실을 일으킬 수 있으므로 적용되지 않았습니다. 데이터 손실이 발생해도 자동 마이그레이션 적용을 허용하려면 DbMigrationsConfiguration에서 AutomaticMigrationDataLossAllowed를 'true'로 설정하십시오. 또는 Update-Database를 '-Force' 옵션과 함께 사용하거나 명시적 마이그레이션을 스캐폴드하십시오.
   위치: System.Data.Entity.Migrations.DbMigrator.AutoMigrate(String migrationId, VersionedModel sourceModel, VersionedModel targetModel, Boolean downgrading)
   위치: System.Data.Entity.Migrations.DbMigrator.Upgrade(IEnumerable`1 pendingMigrations, String targetMigrationId, String lastMigrationId)
   위치: System.Data.Entity.Migrations.DbMigrator.UpdateInternal(String targetMigration)
   위치: System.Data.Entity.Migrations.DbMigrator.<>c__DisplayClassc.<Update>b__b()
   위치: System.Data.Entity.Migrations.DbMigrator.EnsureDatabaseExists(Action mustSucceedToKeepDatabase)
   위치: System.Data.Entity.Migrations.DbMigrator.Update(String targetMigration)
   위치: System.Data.Entity.MigrateDatabaseToLatestVersion`2.InitializeDatabase(TContext context)
   위치: System.Data.Entity.Internal.InternalContext.<>c__DisplayClassf`1.<CreateInitializationAction>b__e()
   위치: System.Data.Entity.Internal.InternalContext.PerformInitializationAction(Action action)
   위치: System.Data.Entity.Internal.InternalContext.PerformDatabaseInitialization()
   위치: System.Data.Entity.Internal.LazyInternalContext.<InitializeDatabase>b__4(InternalContext c)
   위치: System.Data.Entity.Internal.RetryAction`1.PerformAction(TInput input)
   위치: System.Data.Entity.Internal.LazyInternalContext.InitializeDatabaseAction(Action`1 action)
   위치: System.Data.Entity.Internal.LazyInternalContext.InitializeDatabase()
   위치: System.Data.Entity.Internal.InternalContext.GetEntitySetAndBaseTypeForType(Type entityType)
   위치: System.Data.Entity.Internal.Linq.InternalSet`1.Initialize()
   위치: System.Data.Entity.Internal.Linq.InternalSet`1.get_InternalContext()
   위치: System.Data.Entity.Infrastructure.DbQuery`1.System.Linq.IQueryable.get_Provider()
   위치: System.Linq.Queryable.Where[TSource](IQueryable`1 source, Expression`1 predicate)
   위치: PrivacyConsentDB.Jobs.JobScheduler.Load() 파일 C:\Data\PCMS\PrivacyConsentDB\PrivacyConsentDB\Jobs\JobScheduler.cs:줄 24
2016-09-21 18:13:30,500 [1] DEBUG PrivacyConsentDB.Jobs.JobScheduler - Schedule Loaded
2016-09-21 18:13:51,390 [7] ERROR PrivacyConsentDB.Controllers.UserController - System.Data.Entity.Migrations.Infrastructure.AutomaticDataLossException: 자동 마이그레이션은 데이터 손실을 일으킬 수 있으므로 적용되지 않았습니다. 데이터 손실이 발생해도 자동 마이그레이션 적용을 허용하려면 DbMigrationsConfiguration에서 AutomaticMigrationDataLossAllowed를 'true'로 설정하십시오. 또는 Update-Database를 '-Force' 옵션과 함께 사용하거나 명시적 마이그레이션을 스캐폴드하십시오.
   위치: System.Data.Entity.Migrations.DbMigrator.AutoMigrate(String migrationId, VersionedModel sourceModel, VersionedModel targetModel, Boolean downgrading)
   위치: System.Data.Entity.Migrations.DbMigrator.Upgrade(IEnumerable`1 pendingMigrations, String targetMigrationId, String lastMigrationId)
   위치: System.Data.Entity.Migrations.DbMigrator.UpdateInternal(String targetMigration)
   위치: System.Data.Entity.Migrations.DbMigrator.<>c__DisplayClassc.<Update>b__b()
   위치: System.Data.Entity.Migrations.DbMigrator.EnsureDatabaseExists(Action mustSucceedToKeepDatabase)
   위치: System.Data.Entity.Migrations.DbMigrator.Update(String targetMigration)
   위치: System.Data.Entity.MigrateDatabaseToLatestVersion`2.InitializeDatabase(TContext context)
   위치: System.Data.Entity.Internal.InternalContext.<>c__DisplayClassf`1.<CreateInitializationAction>b__e()
   위치: System.Data.Entity.Internal.InternalContext.PerformInitializationAction(Action action)
   위치: System.Data.Entity.Internal.InternalContext.PerformDatabaseInitialization()
   위치: System.Data.Entity.Internal.LazyInternalContext.<InitializeDatabase>b__4(InternalContext c)
   위치: System.Data.Entity.Internal.RetryAction`1.PerformAction(TInput input)
   위치: System.Data.Entity.Internal.LazyInternalContext.InitializeDatabaseAction(Action`1 action)
   위치: System.Data.Entity.Internal.LazyInternalContext.InitializeDatabase()
   위치: System.Data.Entity.Internal.InternalContext.GetEntitySetAndBaseTypeForType(Type entityType)
   위치: System.Data.Entity.Internal.Linq.InternalSet`1.Initialize()
   위치: System.Data.Entity.Internal.Linq.InternalSet`1.get_InternalContext()
   위치: System.Data.Entity.Infrastructure.DbQuery`1.System.Linq.IQueryable.get_Provider()
   위치: System.Linq.Queryable.Where[TSource](IQueryable`1 source, Expression`1 predicate)
   위치: PrivacyConsentDB.Controllers.UserController.Signin(LoginModel model, String returnUrl) 파일 C:\Data\PCMS\PrivacyConsentDB\PrivacyConsentDB\Controllers\UserController.cs:줄 40
2016-09-21 18:13:59,906 [7] ERROR PrivacyConsentDB.Controllers.UserController - System.Data.Entity.Migrations.Infrastructure.AutomaticDataLossException: 자동 마이그레이션은 데이터 손실을 일으킬 수 있으므로 적용되지 않았습니다. 데이터 손실이 발생해도 자동 마이그레이션 적용을 허용하려면 DbMigrationsConfiguration에서 AutomaticMigrationDataLossAllowed를 'true'로 설정하십시오. 또는 Update-Database를 '-Force' 옵션과 함께 사용하거나 명시적 마이그레이션을 스캐폴드하십시오.
   위치: System.Data.Entity.Migrations.DbMigrator.AutoMigrate(String migrationId, VersionedModel sourceModel, VersionedModel targetModel, Boolean downgrading)
   위치: System.Data.Entity.Migrations.DbMigrator.Upgrade(IEnumerable`1 pendingMigrations, String targetMigrationId, String lastMigrationId)
   위치: System.Data.Entity.Migrations.DbMigrator.UpdateInternal(String targetMigration)
   위치: System.Data.Entity.Migrations.DbMigrator.<>c__DisplayClassc.<Update>b__b()
   위치: System.Data.Entity.Migrations.DbMigrator.EnsureDatabaseExists(Action mustSucceedToKeepDatabase)
   위치: System.Data.Entity.Migrations.DbMigrator.Update(String targetMigration)
   위치: System.Data.Entity.MigrateDatabaseToLatestVersion`2.InitializeDatabase(TContext context)
   위치: System.Data.Entity.Internal.InternalContext.<>c__DisplayClassf`1.<CreateInitializationAction>b__e()
   위치: System.Data.Entity.Internal.InternalContext.PerformInitializationAction(Action action)
   위치: System.Data.Entity.Internal.InternalContext.PerformDatabaseInitialization()
   위치: System.Data.Entity.Internal.LazyInternalContext.<InitializeDatabase>b__4(InternalContext c)
   위치: System.Data.Entity.Internal.RetryAction`1.PerformAction(TInput input)
   위치: System.Data.Entity.Internal.LazyInternalContext.InitializeDatabaseAction(Action`1 action)
   위치: System.Data.Entity.Internal.LazyInternalContext.InitializeDatabase()
   위치: System.Data.Entity.Internal.InternalContext.GetEntitySetAndBaseTypeForType(Type entityType)
   위치: System.Data.Entity.Internal.Linq.InternalSet`1.Initialize()
   위치: System.Data.Entity.Internal.Linq.InternalSet`1.get_InternalContext()
   위치: System.Data.Entity.Infrastructure.DbQuery`1.System.Linq.IQueryable.get_Provider()
   위치: System.Linq.Queryable.Where[TSource](IQueryable`1 source, Expression`1 predicate)
   위치: PrivacyConsentDB.Controllers.UserController.Signin(LoginModel model, String returnUrl) 파일 C:\Data\PCMS\PrivacyConsentDB\PrivacyConsentDB\Controllers\UserController.cs:줄 40
2016-09-21 18:16:45,641 [7] ERROR PrivacyConsentDB.Controllers.UserController - System.Data.Entity.Migrations.Infrastructure.AutomaticDataLossException: 자동 마이그레이션은 데이터 손실을 일으킬 수 있으므로 적용되지 않았습니다. 데이터 손실이 발생해도 자동 마이그레이션 적용을 허용하려면 DbMigrationsConfiguration에서 AutomaticMigrationDataLossAllowed를 'true'로 설정하십시오. 또는 Update-Database를 '-Force' 옵션과 함께 사용하거나 명시적 마이그레이션을 스캐폴드하십시오.
   위치: System.Data.Entity.Migrations.DbMigrator.AutoMigrate(String migrationId, VersionedModel sourceModel, VersionedModel targetModel, Boolean downgrading)
   위치: System.Data.Entity.Migrations.DbMigrator.Upgrade(IEnumerable`1 pendingMigrations, String targetMigrationId, String lastMigrationId)
   위치: System.Data.Entity.Migrations.DbMigrator.UpdateInternal(String targetMigration)
   위치: System.Data.Entity.Migrations.DbMigrator.<>c__DisplayClassc.<Update>b__b()
   위치: System.Data.Entity.Migrations.DbMigrator.EnsureDatabaseExists(Action mustSucceedToKeepDatabase)
   위치: System.Data.Entity.Migrations.DbMigrator.Update(String targetMigration)
   위치: System.Data.Entity.MigrateDatabaseToLatestVersion`2.InitializeDatabase(TContext context)
   위치: System.Data.Entity.Internal.InternalContext.<>c__DisplayClassf`1.<CreateInitializationAction>b__e()
   위치: System.Data.Entity.Internal.InternalContext.PerformInitializationAction(Action action)
   위치: System.Data.Entity.Internal.InternalContext.PerformDatabaseInitialization()
   위치: System.Data.Entity.Internal.LazyInternalContext.<InitializeDatabase>b__4(InternalContext c)
   위치: System.Data.Entity.Internal.RetryAction`1.PerformAction(TInput input)
   위치: System.Data.Entity.Internal.LazyInternalContext.InitializeDatabaseAction(Action`1 action)
   위치: System.Data.Entity.Internal.LazyInternalContext.InitializeDatabase()
   위치: System.Data.Entity.Internal.InternalContext.GetEntitySetAndBaseTypeForType(Type entityType)
   위치: System.Data.Entity.Internal.Linq.InternalSet`1.Initialize()
   위치: System.Data.Entity.Internal.Linq.InternalSet`1.get_InternalContext()
   위치: System.Data.Entity.Infrastructure.DbQuery`1.System.Linq.IQueryable.get_Provider()
   위치: System.Linq.Queryable.Where[TSource](IQueryable`1 source, Expression`1 predicate)
   위치: PrivacyConsentDB.Controllers.UserController.Signin(LoginModel model, String returnUrl) 파일 C:\Data\PCMS\PrivacyConsentDB\PrivacyConsentDB\Controllers\UserController.cs:줄 40
